INFO[2026-03-27T12:11:30+00:00][3210036:20]clictlplanefuncs.go:43 command-line-arguments.InitCliCFuncs :: Staring Client API using gossip path: /home/sachin/test/configs/gossipNodes
INFO[2026-03-27T12:11:30+00:00][3210036:20]clictlplanefuncs.go:50 command-line-arguments.InitCliCFuncs :: Successfully initialized controlplane client: b1784899-2512-4eda-be46-353c733b15fc
INFO[2026-03-27T12:11:30+00:00][3210041:55]clictlplanefuncs.go:43 command-line-arguments.InitCliCFuncs :: Staring Client API using gossip path: /home/sachin/test/configs/gossipNodes
INFO[2026-03-27T12:11:30+00:00][3210041:55]clictlplanefuncs.go:50 command-line-arguments.InitCliCFuncs :: Successfully initialized controlplane client: fe6548ab-b6c7-4bf1-b0eb-9dcff6912815
INFO[2026-03-27T12:11:30+00:00][3210043:57]clictlplanefuncs.go:43 command-line-arguments.InitCliCFuncs :: Staring Client API using gossip path: /home/sachin/test/configs/gossipNodes
INFO[2026-03-27T12:11:30+00:00][3210043:57]clictlplanefuncs.go:50 command-line-arguments.InitCliCFuncs :: Successfully initialized controlplane client: 05cdb834-7b76-420c-b5d5-875f337d8f9e
INFO[2026-03-27T12:11:30+00:00][3210043:85]clictlplanefuncs.go:43 command-line-arguments.InitCliCFuncs :: Staring Client API using gossip path: /home/sachin/test/configs/gossipNodes
INFO[2026-03-27T12:11:30+00:00][3210043:85]clictlplanefuncs.go:50 command-line-arguments.InitCliCFuncs :: Successfully initialized controlplane client: 9857a305-ffb4-4903-bbba-9c852ea2fb3d
INFO[2026-03-27T12:11:30+00:00][3210043:116]clictlplanefuncs.go:43 command-line-arguments.InitCliCFuncs :: Staring Client API using gossip path: /home/sachin/test/configs/gossipNodes
INFO[2026-03-27T12:11:30+00:00][3210043:116]clictlplanefuncs.go:50 command-line-arguments.InitCliCFuncs :: Successfully initialized controlplane client: 7f4749eb-4b14-4bd9-bfa6-5a61de395e6a
INFO[2026-03-27T12:11:30+00:00][3210043:63]clictlplanefuncs.go:43 command-line-arguments.InitCliCFuncs :: Staring Client API using gossip path: /home/sachin/test/configs/gossipNodes
INFO[2026-03-27T12:11:30+00:00][3210043:63]clictlplanefuncs.go:50 command-line-arguments.InitCliCFuncs :: Successfully initialized controlplane client: 71cc55b4-e117-4b91-8ee3-a49cef9096fc
INFO[2026-03-27T12:11:30+00:00][3210036:121]clictlplanefuncs.go:43 command-line-arguments.InitCliCFuncs :: Staring Client API using gossip path: /home/sachin/test/configs/gossipNodes
INFO[2026-03-27T12:11:30+00:00][3210036:121]clictlplanefuncs.go:50 command-line-arguments.InitCliCFuncs :: Successfully initialized controlplane client: 98857dc5-f11b-4407-95ed-2c4244941031
INFO[2026-03-27T12:11:30+00:00][3210043:123]clictlplanefuncs.go:43 command-line-arguments.InitCliCFuncs :: Staring Client API using gossip path: /home/sachin/test/configs/gossipNodes
INFO[2026-03-27T12:11:30+00:00][3210043:123]clictlplanefuncs.go:50 command-line-arguments.InitCliCFuncs :: Successfully initialized controlplane client: d7a72e3a-83e4-466b-a13e-fa23b3ff4277
INFO[2026-03-27T12:11:30+00:00][3210043:123]clictlplanefuncs.go:566 command-line-arguments.(*CliCFuncs).GetChunkNisd :: fetching chunk Info for:019d2f34-ebfa-78f4-915c-dcbb786cf38f/0
INFO[2026-03-27T12:11:30+00:00][3210040:125]clictlplanefuncs.go:43 command-line-arguments.InitCliCFuncs :: Staring Client API using gossip path: /home/sachin/test/configs/gossipNodes
INFO[2026-03-27T12:11:30+00:00][3210040:125]clictlplanefuncs.go:50 command-line-arguments.InitCliCFuncs :: Successfully initialized controlplane client: dd095332-9d98-408c-aa6f-aac838fd9f59
INFO[2026-03-27T12:11:30+00:00][3210041:210]clictlplanefuncs.go:43 command-line-arguments.InitCliCFuncs :: Staring Client API using gossip path: /home/sachin/test/configs/gossipNodes
INFO[2026-03-27T12:11:30+00:00][3210041:210]clictlplanefuncs.go:50 command-line-arguments.InitCliCFuncs :: Successfully initialized controlplane client: d1524827-5393-4d9b-85f2-2c1cdb76d6e0
INFO[2026-03-27T12:11:30+00:00][3210041:212]clictlplanefuncs.go:43 command-line-arguments.InitCliCFuncs :: Staring Client API using gossip path: /home/sachin/test/configs/gossipNodes
INFO[2026-03-27T12:11:30+00:00][3210041:212]clictlplanefuncs.go:50 command-line-arguments.InitCliCFuncs :: Successfully initialized controlplane client: 95a585f2-acd7-432e-b50a-c3330248c00e
INFO[2026-03-27T12:11:30+00:00][3210038:170]clictlplanefuncs.go:43 command-line-arguments.InitCliCFuncs :: Staring Client API using gossip path: /home/sachin/test/configs/gossipNodes
INFO[2026-03-27T12:11:30+00:00][3210038:170]clictlplanefuncs.go:50 command-line-arguments.InitCliCFuncs :: Successfully initialized controlplane client: c7636a91-f821-4c96-adf7-bc77cd63f9d9
INFO[2026-03-27T12:11:30+00:00][3210036:238]clictlplanefuncs.go:43 command-line-arguments.InitCliCFuncs :: Staring Client API using gossip path: /home/sachin/test/configs/gossipNodes
INFO[2026-03-27T12:11:30+00:00][3210036:238]clictlplanefuncs.go:50 command-line-arguments.InitCliCFuncs :: Successfully initialized controlplane client: 4b059d5e-5b09-44e7-988c-3b2a76632334
INFO[2026-03-27T12:11:30+00:00][3210043:240]clictlplanefuncs.go:43 command-line-arguments.InitCliCFuncs :: Staring Client API using gossip path: /home/sachin/test/configs/gossipNodes
INFO[2026-03-27T12:11:30+00:00][3210043:240]clictlplanefuncs.go:50 command-line-arguments.InitCliCFuncs :: Successfully initialized controlplane client: f8adb206-f140-47f5-b99c-1ffd192b227d
INFO[2026-03-27T12:11:31+00:00][3210038:295]clictlplanefuncs.go:43 command-line-arguments.InitCliCFuncs :: Staring Client API using gossip path: /home/sachin/test/configs/gossipNodes
INFO[2026-03-27T12:11:31+00:00][3210038:295]clictlplanefuncs.go:50 command-line-arguments.InitCliCFuncs :: Successfully initialized controlplane client: 3d49e190-43d7-47fc-a92e-28ae4bcd8f54
INFO[2026-03-27T12:11:31+00:00][3210039:277]clictlplanefuncs.go:43 command-line-arguments.InitCliCFuncs :: Staring Client API using gossip path: /home/sachin/test/configs/gossipNodes
INFO[2026-03-27T12:11:31+00:00][3210039:277]clictlplanefuncs.go:50 command-line-arguments.InitCliCFuncs :: Successfully initialized controlplane client: 14991341-7809-4cee-b7ad-0fcbfe48d5eb
INFO[2026-03-27T12:11:31+00:00][3210047:302]clictlplanefuncs.go:43 command-line-arguments.InitCliCFuncs :: Staring Client API using gossip path: /home/sachin/test/configs/gossipNodes
INFO[2026-03-27T12:11:31+00:00][3210047:302]clictlplanefuncs.go:50 command-line-arguments.InitCliCFuncs :: Successfully initialized controlplane client: 31ecde8f-e7f2-450a-9dfb-916fb0620f3a
INFO[2026-03-27T12:11:31+00:00][3210047:382]clictlplanefuncs.go:43 command-line-arguments.InitCliCFuncs :: Staring Client API using gossip path: /home/sachin/test/configs/gossipNodes
INFO[2026-03-27T12:11:31+00:00][3210047:382]clictlplanefuncs.go:50 command-line-arguments.InitCliCFuncs :: Successfully initialized controlplane client: 7cf421c2-2501-4d63-8ef3-8fc169f628ed
INFO[2026-03-27T12:11:31+00:00][3210039:385]clictlplanefuncs.go:43 command-line-arguments.InitCliCFuncs :: Staring Client API using gossip path: /home/sachin/test/configs/gossipNodes
INFO[2026-03-27T12:11:31+00:00][3210039:385]clictlplanefuncs.go:50 command-line-arguments.InitCliCFuncs :: Successfully initialized controlplane client: b69b0dbf-051e-4357-b302-dbeac55feb5f
INFO[2026-03-27T12:11:31+00:00][3210036:470]clictlplanefuncs.go:43 command-line-arguments.InitCliCFuncs :: Staring Client API using gossip path: /home/sachin/test/configs/gossipNodes
INFO[2026-03-27T12:11:31+00:00][3210036:470]clictlplanefuncs.go:50 command-line-arguments.InitCliCFuncs :: Successfully initialized controlplane client: 85e85434-cd9a-4828-8ab9-a7c2b56c6f73
INFO[2026-03-27T12:12:01+00:00][3210380:5]clictlplanefuncs.go:43 client.InitCliCFuncs :: Staring Client API using gossip path: /home/sachin/test/configs/gossipNodes
INFO[2026-03-27T12:12:01+00:00][3210380:5]clictlplanefuncs.go:50 client.InitCliCFuncs :: Successfully initialized controlplane client: 45c1b344-4430-4b49-87e2-5b23166cd3ba
INFO[2026-03-27T12:26:40+00:00][3286402:7]clictlplanefuncs.go:43 client.InitCliCFuncs :: Staring Client API using gossip path: /home/sachin/test/configs/gossipNodes
INFO[2026-03-27T12:26:40+00:00][3286402:7]clictlplanefuncs.go:50 client.InitCliCFuncs :: Successfully initialized controlplane client: 3fa6eba0-fdd7-4da5-8cd7-d6d704cee009
INFO[2026-03-27T12:26:57+00:00][3293022:36]clictlplanefuncs.go:43 client.InitCliCFuncs :: Staring Client API using gossip path: /home/sachin/test/configs/gossipNodes
INFO[2026-03-27T12:26:57+00:00][3293022:36]clictlplanefuncs.go:50 client.InitCliCFuncs :: Successfully initialized controlplane client: 78dbbb9c-6b06-4b86-b702-5a4e3e913a2d
INFO[2026-03-27T12:32:05+00:00][3296719:5]clictlplanefuncs.go:43 client.InitCliCFuncs :: Staring Client API using gossip path: /home/sachin/test/configs/gossipNodes
INFO[2026-03-27T12:32:05+00:00][3296719:5]clictlplanefuncs.go:50 client.InitCliCFuncs :: Successfully initialized controlplane client: e2c3dcd9-1d9e-4edb-977b-0ad2c86325b6
INFO[2026-03-27T12:35:21+00:00][3300515:5]clictlplanefuncs.go:43 client.InitCliCFuncs :: Staring Client API using gossip path: /home/sachin/test/configs/gossipNodes
INFO[2026-03-27T12:35:21+00:00][3300515:5]clictlplanefuncs.go:50 client.InitCliCFuncs :: Successfully initialized controlplane client: eaaa5e33-392f-4956-99f7-5240789c850e
INFO[2026-03-27T12:35:57+00:00][3300837:7]clictlplanefuncs.go:43 client.InitCliCFuncs :: Staring Client API using gossip path: /home/sachin/test/configs/gossipNodes
INFO[2026-03-27T12:35:57+00:00][3300837:7]clictlplanefuncs.go:50 client.InitCliCFuncs :: Successfully initialized controlplane client: 9fd9a7ba-f3fa-41c6-bf8b-cab30155caab
INFO[2026-03-27T12:36:01+00:00][3300976:7]clictlplanefuncs.go:43 client.InitCliCFuncs :: Staring Client API using gossip path: /home/sachin/test/configs/gossipNodes
INFO[2026-03-27T12:36:01+00:00][3300976:7]clictlplanefuncs.go:50 client.InitCliCFuncs :: Successfully initialized controlplane client: 53894166-2c6b-4cb0-8f0a-4e5d0fe8cb3d
INFO[2026-03-27T12:36:06+00:00][3301119:7]clictlplanefuncs.go:43 client.InitCliCFuncs :: Staring Client API using gossip path: /home/sachin/test/configs/gossipNodes
INFO[2026-03-27T12:36:06+00:00][3301119:7]clictlplanefuncs.go:50 client.InitCliCFuncs :: Successfully initialized controlplane client: 98932309-3d4c-44d1-a914-cbd8a5fa78cd
INFO[2026-03-27T12:36:10+00:00][3301256:7]clictlplanefuncs.go:43 client.InitCliCFuncs :: Staring Client API using gossip path: /home/sachin/test/configs/gossipNodes
INFO[2026-03-27T12:36:10+00:00][3301256:7]clictlplanefuncs.go:50 client.InitCliCFuncs :: Successfully initialized controlplane client: 959dadca-7279-4ef1-8043-c1255703285c
INFO[2026-03-27T12:36:13+00:00][3301393:7]clictlplanefuncs.go:43 client.InitCliCFuncs :: Staring Client API using gossip path: /home/sachin/test/configs/gossipNodes
INFO[2026-03-27T12:36:13+00:00][3301393:7]clictlplanefuncs.go:50 client.InitCliCFuncs :: Successfully initialized controlplane client: e28ad5eb-c80b-43ec-96af-0df4af3b8504
INFO[2026-03-27T12:36:16+00:00][3301518:20]clictlplanefuncs.go:43 client.InitCliCFuncs :: Staring Client API using gossip path: /home/sachin/test/configs/gossipNodes
INFO[2026-03-27T12:36:16+00:00][3301518:20]clictlplanefuncs.go:50 client.InitCliCFuncs :: Successfully initialized controlplane client: c3facf39-a55d-4c00-840b-5b4b8a2018e2
INFO[2026-03-27T12:36:20+00:00][3301655:7]clictlplanefuncs.go:43 client.InitCliCFuncs :: Staring Client API using gossip path: /home/sachin/test/configs/gossipNodes
INFO[2026-03-27T12:36:20+00:00][3301655:7]clictlplanefuncs.go:50 client.InitCliCFuncs :: Successfully initialized controlplane client: b8ee32eb-ebee-4126-94c1-59217b42c7a3
INFO[2026-03-27T12:36:22+00:00][3301783:7]clictlplanefuncs.go:43 client.InitCliCFuncs :: Staring Client API using gossip path: /home/sachin/test/configs/gossipNodes
INFO[2026-03-27T12:36:22+00:00][3301783:7]clictlplanefuncs.go:50 client.InitCliCFuncs :: Successfully initialized controlplane client: 3c66b7e1-6308-4927-a6b1-cc8016c95b99
INFO[2026-03-27T12:37:07+00:00][3302326:20]clictlplanefuncs.go:43 client.InitCliCFuncs :: Staring Client API using gossip path: /home/sachin/test/configs/gossipNodes
INFO[2026-03-27T12:37:07+00:00][3302326:20]clictlplanefuncs.go:50 client.InitCliCFuncs :: Successfully initialized controlplane client: 3aace1a7-9d91-4b01-a1d7-1ca948417e04
INFO[2026-03-27T12:37:11+00:00][3302463:7]clictlplanefuncs.go:43 client.InitCliCFuncs :: Staring Client API using gossip path: /home/sachin/test/configs/gossipNodes
INFO[2026-03-27T12:37:11+00:00][3302463:7]clictlplanefuncs.go:50 client.InitCliCFuncs :: Successfully initialized controlplane client: 0bf6f212-b62c-4b5a-a2ac-433f79325e67
INFO[2026-03-27T12:37:46+00:00][3302699:7]clictlplanefuncs.go:43 client.InitCliCFuncs :: Staring Client API using gossip path: /home/sachin/test/configs/gossipNodes
INFO[2026-03-27T12:37:46+00:00][3302699:7]clictlplanefuncs.go:50 client.InitCliCFuncs :: Successfully initialized controlplane client: 3b4d7734-2214-4f91-a9e7-99194af19435
INFO[2026-03-27T12:37:52+00:00][3302860:7]clictlplanefuncs.go:43 client.InitCliCFuncs :: Staring Client API using gossip path: /home/sachin/test/configs/gossipNodes
INFO[2026-03-27T12:37:52+00:00][3302860:7]clictlplanefuncs.go:50 client.InitCliCFuncs :: Successfully initialized controlplane client: 6b08e753-db13-451d-bf87-eff1f52b3d84
INFO[2026-03-27T12:37:56+00:00][3303028:34]clictlplanefuncs.go:43 client.InitCliCFuncs :: Staring Client API using gossip path: /home/sachin/test/configs/gossipNodes
INFO[2026-03-27T12:37:56+00:00][3303028:34]clictlplanefuncs.go:50 client.InitCliCFuncs :: Successfully initialized controlplane client: 91760b35-0390-4c1c-9b5a-ae7e53483dc3
INFO[2026-03-27T12:37:56+00:00][3303021:71]clictlplanefuncs.go:43 client.InitCliCFuncs :: Staring Client API using gossip path: /home/sachin/test/configs/gossipNodes
INFO[2026-03-27T12:37:56+00:00][3303021:71]clictlplanefuncs.go:50 client.InitCliCFuncs :: Successfully initialized controlplane client: 30166013-f804-42a8-af7f-4677b3a92dc9
INFO[2026-03-27T12:38:00+00:00][3303160:7]clictlplanefuncs.go:43 client.InitCliCFuncs :: Staring Client API using gossip path: /home/sachin/test/configs/gossipNodes
INFO[2026-03-27T12:38:00+00:00][3303160:7]clictlplanefuncs.go:50 client.InitCliCFuncs :: Successfully initialized controlplane client: 5cf3e32e-95a1-4ad1-85aa-1f7ab3cd5235
INFO[2026-03-27T12:38:04+00:00][3303317:20]clictlplanefuncs.go:43 client.InitCliCFuncs :: Staring Client API using gossip path: /home/sachin/test/configs/gossipNodes
INFO[2026-03-27T12:38:04+00:00][3303317:20]clictlplanefuncs.go:50 client.InitCliCFuncs :: Successfully initialized controlplane client: 548e25df-0c7a-4eb4-b450-1923359bc25f
INFO[2026-03-27T12:38:08+00:00][3303461:20]clictlplanefuncs.go:43 client.InitCliCFuncs :: Staring Client API using gossip path: /home/sachin/test/configs/gossipNodes
INFO[2026-03-27T12:38:08+00:00][3303461:20]clictlplanefuncs.go:50 client.InitCliCFuncs :: Successfully initialized controlplane client: 62a16e1b-6adc-4932-9a8d-d218abeee5ff
INFO[2026-03-27T12:38:11+00:00][3303586:7]clictlplanefuncs.go:43 client.InitCliCFuncs :: Staring Client API using gossip path: /home/sachin/test/configs/gossipNodes
INFO[2026-03-27T12:38:11+00:00][3303586:7]clictlplanefuncs.go:50 client.InitCliCFuncs :: Successfully initialized controlplane client: a75f044d-fd87-45c6-9ffc-0fce13544e8f
INFO[2026-03-27T12:38:15+00:00][3303722:7]clictlplanefuncs.go:43 client.InitCliCFuncs :: Staring Client API using gossip path: /home/sachin/test/configs/gossipNodes
INFO[2026-03-27T12:38:15+00:00][3303722:7]clictlplanefuncs.go:50 client.InitCliCFuncs :: Successfully initialized controlplane client: d7a8cf0d-61ea-42a1-ac42-35fc487be44c
INFO[2026-03-27T12:38:23+00:00][3303883:7]clictlplanefuncs.go:43 client.InitCliCFuncs :: Staring Client API using gossip path: /home/sachin/test/configs/gossipNodes
INFO[2026-03-27T12:38:23+00:00][3303883:7]clictlplanefuncs.go:50 client.InitCliCFuncs :: Successfully initialized controlplane client: 8dc9ae6f-3282-4e7b-9fdd-d94f6a202464
INFO[2026-03-27T12:38:24+00:00][3304015:7]clictlplanefuncs.go:43 client.InitCliCFuncs :: Staring Client API using gossip path: /home/sachin/test/configs/gossipNodes
INFO[2026-03-27T12:38:24+00:00][3304015:7]clictlplanefuncs.go:50 client.InitCliCFuncs :: Successfully initialized controlplane client: 01dcab81-0ade-47e7-b12b-acfab96d8fcb
INFO[2026-03-27T12:38:26+00:00][3304138:7]clictlplanefuncs.go:43 client.InitCliCFuncs :: Staring Client API using gossip path: /home/sachin/test/configs/gossipNodes
INFO[2026-03-27T12:38:26+00:00][3304138:7]clictlplanefuncs.go:50 client.InitCliCFuncs :: Successfully initialized controlplane client: 52770f64-e822-405d-8138-3435e2620cc2
INFO[2026-03-27T12:38:27+00:00][3304257:7]clictlplanefuncs.go:43 client.InitCliCFuncs :: Staring Client API using gossip path: /home/sachin/test/configs/gossipNodes
INFO[2026-03-27T12:38:27+00:00][3304257:7]clictlplanefuncs.go:50 client.InitCliCFuncs :: Successfully initialized controlplane client: f60e77c9-9f5b-4a5e-bf16-f10456a31542
INFO[2026-03-27T12:38:29+00:00][3304384:7]clictlplanefuncs.go:43 client.InitCliCFuncs :: Staring Client API using gossip path: /home/sachin/test/configs/gossipNodes
INFO[2026-03-27T12:38:29+00:00][3304384:7]clictlplanefuncs.go:50 client.InitCliCFuncs :: Successfully initialized controlplane client: 29a0be5d-de43-4015-8e0b-21abc0017624
INFO[2026-03-27T12:38:35+00:00][3304540:7]clictlplanefuncs.go:43 client.InitCliCFuncs :: Staring Client API using gossip path: /home/sachin/test/configs/gossipNodes
INFO[2026-03-27T12:38:35+00:00][3304540:7]clictlplanefuncs.go:50 client.InitCliCFuncs :: Successfully initialized controlplane client: e15108f5-814a-463b-a872-691d69888a57
INFO[2026-03-27T12:38:40+00:00][3304677:20]clictlplanefuncs.go:43 client.InitCliCFuncs :: Staring Client API using gossip path: /home/sachin/test/configs/gossipNodes
INFO[2026-03-27T12:38:40+00:00][3304677:20]clictlplanefuncs.go:50 client.InitCliCFuncs :: Successfully initialized controlplane client: 2ab35c47-48d0-45f3-8de4-d0924c406f92
